<?xml version="1.0" encoding="UTF-8"?>
<coverage generated="1678115049101" clover="3.2.0">
  <project timestamp="1678115049101" name="All files">
    <metrics statements="37" coveredstatements="35" conditionals="20" coveredconditionals="10" methods="4" coveredmethods="4" elements="61" coveredelements="49" complexity="0" loc="37" ncloc="37" packages="2" files="4" classes="4"/>
    <package name="SmartcontractTesting">
      <metrics statements="4" coveredstatements="4" conditionals="0" coveredconditionals="0" methods="2" coveredmethods="2"/>
      <file name="sample.js" path="/Users/emenikeanigbogu/Documents/GitHub/SocialNexus-BackendV2/Blockchain/SmartcontractTesting/sample.js">
        <metrics statements="2" coveredstatements="2" conditionals="0" coveredconditionals="0" methods="1" coveredmethods="1"/>
        <line num="1" count="1" type="stmt"/>
        <line num="3" count="1" type="stmt"/>
      </file>
      <file name="sample2.js" path="/Users/emenikeanigbogu/Documents/GitHub/SocialNexus-BackendV2/Blockchain/SmartcontractTesting/sample2.js">
        <metrics statements="2" coveredstatements="2" conditionals="0" coveredconditionals="0" methods="1" coveredmethods="1"/>
        <line num="1" count="1" type="stmt"/>
        <line num="3" count="1" type="stmt"/>
      </file>
    </package>
    <package name="wrappedFabConnect">
      <metrics statements="33" coveredstatements="31" conditionals="20" coveredconditionals="10" methods="2" coveredmethods="2"/>
      <file name="query.js" path="/Users/emenikeanigbogu/Documents/GitHub/SocialNexus-BackendV2/Blockchain/wrappedFabConnect/query.js">
        <metrics statements="15" coveredstatements="14" conditionals="10" coveredconditionals="5" methods="1" coveredmethods="1"/>
        <line num="1" count="4" type="stmt"/>
        <line num="2" count="4" type="stmt"/>
        <line num="3" count="4" type="stmt"/>
        <line num="6" count="4" type="stmt"/>
        <line num="7" count="4" type="stmt"/>
        <line num="32" count="4" type="stmt"/>
        <line num="34" count="14" type="cond" truecount="1" falsecount="1"/>
        <line num="35" count="14" type="cond" truecount="1" falsecount="1"/>
        <line num="36" count="14" type="cond" truecount="1" falsecount="1"/>
        <line num="37" count="14" type="cond" truecount="1" falsecount="1"/>
        <line num="38" count="14" type="cond" truecount="1" falsecount="1"/>
        <line num="40" count="14" type="stmt"/>
        <line num="42" count="14" type="stmt"/>
        <line num="63" count="0" type="stmt"/>
        <line num="68" count="14" type="stmt"/>
      </file>
      <file name="transactions.js" path="/Users/emenikeanigbogu/Documents/GitHub/SocialNexus-BackendV2/Blockchain/wrappedFabConnect/transactions.js">
        <metrics statements="18" coveredstatements="17" conditionals="10" coveredconditionals="5" methods="1" coveredmethods="1"/>
        <line num="1" count="4" type="stmt"/>
        <line num="2" count="4" type="stmt"/>
        <line num="3" count="4" type="stmt"/>
        <line num="7" count="4" type="stmt"/>
        <line num="8" count="4" type="stmt"/>
        <line num="37" count="4" type="stmt"/>
        <line num="38" count="36" type="cond" truecount="1" falsecount="1"/>
        <line num="39" count="36" type="cond" truecount="1" falsecount="1"/>
        <line num="40" count="36" type="cond" truecount="1" falsecount="1"/>
        <line num="41" count="36" type="cond" truecount="1" falsecount="1"/>
        <line num="42" count="36" type="cond" truecount="1" falsecount="1"/>
        <line num="44" count="36" type="stmt"/>
        <line num="47" count="36" type="stmt"/>
        <line num="49" count="36" type="stmt"/>
        <line num="70" count="0" type="stmt"/>
        <line num="75" count="35" type="stmt"/>
        <line num="80" count="4" type="stmt"/>
        <line num="93" count="4" type="stmt"/>
      </file>
    </package>
  </project>
</coverage>
