{"/Users/emenikeanigbogu/Documents/GitHub/SocialNexus-BackendV2/Blockchain/SmartcontractTesting.js/sample.js": {"path":"/Users/emenikeanigbogu/Documents/GitHub/SocialNexus-BackendV2/Blockchain/SmartcontractTesting.js/sample.js","statementMap":{"0":{"start":{"line":1,"column":0},"end":{"line":4,"column":1}},"1":{"start":{"line":3,"column":4},"end":{"line":3,"column":12}}},"fnMap":{"0":{"name":"doSomething","decl":{"start":{"line":1,"column":26},"end":{"line":1,"column":37}},"loc":{"start":{"line":1,"column":39},"end":{"line":4,"column":1}},"line":1}},"branchMap":{},"s":{"0":1,"1":1},"f":{"0":1},"b":{},"_coverageSchema":"1a1c01bbd47fc00a2c39e90264f33305004495a9","hash":"ba29d2f1957f1e84771ec3af7f584b6d45c969d4"}
,"/Users/emenikeanigbogu/Documents/GitHub/SocialNexus-BackendV2/Blockchain/SmartcontractTesting.js/sample2.js": {"path":"/Users/emenikeanigbogu/Documents/GitHub/SocialNexus-BackendV2/Blockchain/SmartcontractTesting.js/sample2.js","statementMap":{"0":{"start":{"line":1,"column":0},"end":{"line":4,"column":1}},"1":{"start":{"line":3,"column":4},"end":{"line":3,"column":12}}},"fnMap":{"0":{"name":"doSomething","decl":{"start":{"line":1,"column":26},"end":{"line":1,"column":37}},"loc":{"start":{"line":1,"column":39},"end":{"line":4,"column":1}},"line":1}},"branchMap":{},"s":{"0":1,"1":1},"f":{"0":1},"b":{},"_coverageSchema":"1a1c01bbd47fc00a2c39e90264f33305004495a9","hash":"e5471b183ca8f431485ddf6a6808d6e5e463213f"}
}
