{"/Users/emenikeanigbogu/Documents/GitHub/SocialNexus-BackendV2/Blockchain/wrappedFabConnect/query.js": {"path":"/Users/emenikeanigbogu/Documents/GitHub/SocialNexus-BackendV2/Blockchain/wrappedFabConnect/query.js","statementMap":{"0":{"start":{"line":1,"column":14},"end":{"line":1,"column":30}},"1":{"start":{"line":2,"column":19},"end":{"line":2,"column":58}},"2":{"start":{"line":3,"column":13},"end":{"line":3,"column":28}},"3":{"start":{"line":6,"column":17},"end":{"line":6,"column":51}},"4":{"start":{"line":7,"column":0},"end":{"line":7,"column":41}},"5":{"start":{"line":32,"column":0},"end":{"line":70,"column":1}},"6":{"start":{"line":34,"column":16},"end":{"line":34,"column":109}},"7":{"start":{"line":35,"column":19},"end":{"line":35,"column":82}},"8":{"start":{"line":36,"column":19},"end":{"line":36,"column":92}},"9":{"start":{"line":37,"column":13},"end":{"line":37,"column":82}},"10":{"start":{"line":38,"column":17},"end":{"line":38,"column":76}},"11":{"start":{"line":40,"column":4},"end":{"line":69,"column":5}},"12":{"start":{"line":42,"column":20},"end":{"line":59,"column":9}},"13":{"start":{"line":63,"column":8},"end":{"line":63,"column":23}},"14":{"start":{"line":68,"column":8},"end":{"line":68,"column":34}}},"fnMap":{"0":{"name":"query","decl":{"start":{"line":32,"column":32},"end":{"line":32,"column":37}},"loc":{"start":{"line":32,"column":57},"end":{"line":70,"column":1}},"line":32}},"branchMap":{"0":{"loc":{"start":{"line":34,"column":16},"end":{"line":34,"column":109}},"type":"cond-expr","locations":[{"start":{"line":34,"column":26},"end":{"line":34,"column":67}},{"start":{"line":34,"column":68},"end":{"line":34,"column":109}}],"line":34},"1":{"loc":{"start":{"line":35,"column":19},"end":{"line":35,"column":82}},"type":"cond-expr","locations":[{"start":{"line":35,"column":29},"end":{"line":35,"column":59}},{"start":{"line":35,"column":60},"end":{"line":35,"column":82}}],"line":35},"2":{"loc":{"start":{"line":36,"column":19},"end":{"line":36,"column":92}},"type":"cond-expr","locations":[{"start":{"line":36,"column":29},"end":{"line":36,"column":64}},{"start":{"line":36,"column":65},"end":{"line":36,"column":92}}],"line":36},"3":{"loc":{"start":{"line":37,"column":13},"end":{"line":37,"column":82}},"type":"cond-expr","locations":[{"start":{"line":37,"column":23},"end":{"line":37,"column":56}},{"start":{"line":37,"column":57},"end":{"line":37,"column":82}}],"line":37},"4":{"loc":{"start":{"line":38,"column":17},"end":{"line":38,"column":76}},"type":"cond-expr","locations":[{"start":{"line":38,"column":27},"end":{"line":38,"column":51}},{"start":{"line":38,"column":52},"end":{"line":38,"column":76}}],"line":38}},"s":{"0":1,"1":1,"2":1,"3":1,"4":1,"5":1,"6":4,"7":4,"8":4,"9":4,"10":4,"11":4,"12":4,"13":4,"14":0},"f":{"0":4},"b":{"0":[4,0],"1":[4,0],"2":[4,0],"3":[4,0],"4":[4,0]},"_coverageSchema":"1a1c01bbd47fc00a2c39e90264f33305004495a9","hash":"659966353dc8ae9c57cf141b0ce664a0c5cfc1fc"}
,"/Users/emenikeanigbogu/Documents/GitHub/SocialNexus-BackendV2/Blockchain/wrappedFabConnect/transactions.js": {"path":"/Users/emenikeanigbogu/Documents/GitHub/SocialNexus-BackendV2/Blockchain/wrappedFabConnect/transactions.js","statementMap":{"0":{"start":{"line":1,"column":14},"end":{"line":1,"column":30}},"1":{"start":{"line":2,"column":19},"end":{"line":2,"column":58}},"2":{"start":{"line":3,"column":13},"end":{"line":3,"column":28}},"3":{"start":{"line":7,"column":17},"end":{"line":7,"column":51}},"4":{"start":{"line":8,"column":0},"end":{"line":8,"column":41}},"5":{"start":{"line":37,"column":0},"end":{"line":77,"column":1}},"6":{"start":{"line":38,"column":18},"end":{"line":38,"column":111}},"7":{"start":{"line":39,"column":21},"end":{"line":39,"column":84}},"8":{"start":{"line":40,"column":21},"end":{"line":40,"column":94}},"9":{"start":{"line":41,"column":15},"end":{"line":41,"column":84}},"10":{"start":{"line":42,"column":19},"end":{"line":42,"column":78}},"11":{"start":{"line":44,"column":14},"end":{"line":44,"column":55}},"12":{"start":{"line":47,"column":4},"end":{"line":76,"column":5}},"13":{"start":{"line":49,"column":20},"end":{"line":67,"column":9}},"14":{"start":{"line":68,"column":8},"end":{"line":68,"column":30}},"15":{"start":{"line":70,"column":8},"end":{"line":70,"column":23}},"16":{"start":{"line":73,"column":8},"end":{"line":73,"column":29}},"17":{"start":{"line":74,"column":8},"end":{"line":74,"column":40}},"18":{"start":{"line":75,"column":8},"end":{"line":75,"column":20}},"19":{"start":{"line":80,"column":16},"end":{"line":90,"column":2}},"20":{"start":{"line":93,"column":17},"end":{"line":100,"column":2}}},"fnMap":{"0":{"name":"transaction","decl":{"start":{"line":37,"column":32},"end":{"line":37,"column":43}},"loc":{"start":{"line":37,"column":63},"end":{"line":77,"column":1}},"line":37}},"branchMap":{"0":{"loc":{"start":{"line":38,"column":18},"end":{"line":38,"column":111}},"type":"cond-expr","locations":[{"start":{"line":38,"column":28},"end":{"line":38,"column":69}},{"start":{"line":38,"column":70},"end":{"line":38,"column":111}}],"line":38},"1":{"loc":{"start":{"line":39,"column":21},"end":{"line":39,"column":84}},"type":"cond-expr","locations":[{"start":{"line":39,"column":31},"end":{"line":39,"column":61}},{"start":{"line":39,"column":62},"end":{"line":39,"column":84}}],"line":39},"2":{"loc":{"start":{"line":40,"column":21},"end":{"line":40,"column":94}},"type":"cond-expr","locations":[{"start":{"line":40,"column":31},"end":{"line":40,"column":66}},{"start":{"line":40,"column":67},"end":{"line":40,"column":94}}],"line":40},"3":{"loc":{"start":{"line":41,"column":15},"end":{"line":41,"column":84}},"type":"cond-expr","locations":[{"start":{"line":41,"column":25},"end":{"line":41,"column":58}},{"start":{"line":41,"column":59},"end":{"line":41,"column":84}}],"line":41},"4":{"loc":{"start":{"line":42,"column":19},"end":{"line":42,"column":78}},"type":"cond-expr","locations":[{"start":{"line":42,"column":29},"end":{"line":42,"column":53}},{"start":{"line":42,"column":54},"end":{"line":42,"column":78}}],"line":42}},"s":{"0":1,"1":1,"2":1,"3":1,"4":1,"5":1,"6":7,"7":7,"8":7,"9":7,"10":7,"11":7,"12":7,"13":7,"14":7,"15":7,"16":0,"17":0,"18":0,"19":1,"20":1},"f":{"0":7},"b":{"0":[6,1],"1":[6,1],"2":[6,1],"3":[6,1],"4":[6,1]},"_coverageSchema":"1a1c01bbd47fc00a2c39e90264f33305004495a9","hash":"d914cfe0f69734b56c0f97ac2ffb11bf8e32e159"}
}
