TN:
SF:Blockchain/wrappedFabConnect/query.js
FN:35,query
FNF:1
FNH:1
FNDA:3,query
DA:1,1
DA:2,1
DA:3,1
DA:6,1
DA:7,1
DA:9,1
DA:10,1
DA:11,1
DA:12,1
DA:13,1
DA:35,1
DA:36,3
DA:38,3
DA:59,3
DA:64,0
LF:15
LH:14
BRF:0
BRH:0
end_of_record
TN:
SF:Blockchain/wrappedFabConnect/transactions.js
FN:39,transaction
FNF:1
FNH:1
FNDA:3,transaction
DA:1,1
DA:2,1
DA:3,1
DA:7,1
DA:8,1
DA:10,1
DA:11,1
DA:12,1
DA:13,1
DA:14,1
DA:39,1
DA:40,3
DA:41,3
DA:43,3
DA:64,0
DA:69,0
DA:74,1
DA:87,1
LF:18
LH:16
BRF:0
BRH:0
end_of_record
