TN:
SF:Blockchain/wrappedFabConnect/query.js
FN:32,query
FNF:1
FNH:1
FNDA:4,query
DA:1,1
DA:2,1
DA:3,1
DA:6,1
DA:7,1
DA:32,1
DA:34,4
DA:35,4
DA:36,4
DA:37,4
DA:38,4
DA:40,4
DA:42,4
DA:63,4
DA:68,0
LF:15
LH:14
BRDA:34,0,0,4
BRDA:34,0,1,0
BRDA:35,1,0,4
BRDA:35,1,1,0
BRDA:36,2,0,4
BRDA:36,2,1,0
BRDA:37,3,0,4
BRDA:37,3,1,0
BRDA:38,4,0,4
BRDA:38,4,1,0
BRF:10
BRH:5
end_of_record
TN:
SF:Blockchain/wrappedFabConnect/transactions.js
FN:37,transaction
FNF:1
FNH:1
FNDA:7,transaction
DA:1,1
DA:2,1
DA:3,1
DA:7,1
DA:8,1
DA:37,1
DA:38,7
DA:39,7
DA:40,7
DA:41,7
DA:42,7
DA:44,7
DA:47,7
DA:49,7
DA:68,7
DA:70,7
DA:73,0
DA:74,0
DA:75,0
DA:80,1
DA:93,1
LF:21
LH:18
BRDA:38,0,0,6
BRDA:38,0,1,1
BRDA:39,1,0,6
BRDA:39,1,1,1
BRDA:40,2,0,6
BRDA:40,2,1,1
BRDA:41,3,0,6
BRDA:41,3,1,1
BRDA:42,4,0,6
BRDA:42,4,1,1
BRF:10
BRH:10
end_of_record
